<?xml version="1.0" encoding="UTF-8"?>
<testsuite xmlns:xsi="http://www.w3.org/2001/XMLSchema-instance" xsi:noNamespaceSchemaLocation="https://maven.apache.org/surefire/maven-surefire-plugin/xsd/surefire-test-report-3.0.xsd" version="3.0" name="com.o2dent.lib.accounts.BusinessServiceTest" time="5.921" tests="3" errors="0" skipped="0" failures="0">
  <properties>
[...]
</properties>
  <testcase name="business_whenSave_thenHaveSameAccount" classname="com.o2dent.lib.accounts.BusinessServiceTest" time="0.893">
    <system-out><![CDATA[
  .   ____          _            __ _ _
 /\\ / ___'_ __ _ _(_)_ __  __ _ \ \ \ \
( ( )\___ | '_ | '_| | '_ \/ _` | \ \ \ \
 \\/  ___)| |_)| | | | | || (_| |  ) ) ) )
  '  |____| .__|_| |_|_| |_\__, | / / / /
 =========|_|==============|___/=/_/_/_/
 :: Spring Boot ::                (v3.2.5)

2024-07-08T23:43:28.488+02:00  INFO 77006 --- [accounts] [           main] c.o.lib.accounts.BusinessServiceTest     : Starting BusinessServiceTest using Java 17.0.4.1 with PID 77006 (started by klevin in /Users/klevin/O2_Account)
2024-07-08T23:43:28.492+02:00  INFO 77006 --- [accounts] [           main] c.o.lib.accounts.BusinessServiceTest     : No active profile set, falling back to 1 default profile: "default"
2024-07-08T23:43:28.894+02:00  INFO 77006 --- [accounts] [           main] .s.d.r.c.RepositoryConfigurationDelegate : Bootstrapping Spring Data JPA repositories in DEFAULT mode.
2024-07-08T23:43:28.962+02:00  INFO 77006 --- [accounts] [           main] .s.d.r.c.RepositoryConfigurationDelegate : Finished Spring Data repository scanning in 55 ms. Found 2 JPA repository interfaces.
2024-07-08T23:43:29.100+02:00  INFO 77006 --- [accounts] [           main] beddedDataSourceBeanFactoryPostProcessor : Replacing 'dataSource' DataSource bean with embedded version
2024-07-08T23:43:29.336+02:00  INFO 77006 --- [accounts] [           main] o.s.j.d.e.EmbeddedDatabaseFactory        : Starting embedded database: url='jdbc:h2:mem:b5aef1cb-d17b-4401-a6c9-79d08e22bbc7;DB_CLOSE_DELAY=-1;DB_CLOSE_ON_EXIT=false', username='sa'
2024-07-08T23:43:29.754+02:00  INFO 77006 --- [accounts] [           main] o.hibernate.jpa.internal.util.LogHelper  : HHH000204: Processing PersistenceUnitInfo [name: default]
2024-07-08T23:43:29.842+02:00  INFO 77006 --- [accounts] [           main] org.hibernate.Version                    : HHH000412: Hibernate ORM core version 6.4.4.Final
2024-07-08T23:43:29.894+02:00  INFO 77006 --- [accounts] [           main] o.h.c.internal.RegionFactoryInitiator    : HHH000026: Second-level cache disabled
2024-07-08T23:43:30.262+02:00  INFO 77006 --- [accounts] [           main] o.s.o.j.p.SpringPersistenceUnitInfo      : No LoadTimeWeaver setup: ignoring JPA class transformer
2024-07-08T23:43:30.340+02:00  WARN 77006 --- [accounts] [           main] org.hibernate.dialect.Dialect            : HHH000511: The 2.2.0 version for [org.hibernate.dialect.PostgreSQLDialect] is no longer supported, hence certain features may not work properly. The minimum supported version is 12.0.0. Check the community dialects project for available legacy versions.
2024-07-08T23:43:30.349+02:00  WARN 77006 --- [accounts] [           main] org.hibernate.orm.deprecation            : HHH90000025: PostgreSQLDialect does not need to be specified explicitly using 'hibernate.dialect' (remove the property setting and it will be selected by default)
2024-07-08T23:43:31.530+02:00  INFO 77006 --- [accounts] [           main] o.h.e.t.j.p.i.JtaPlatformInitiator       : HHH000489: No JTA platform available (set 'hibernate.transaction.jta.platform' to enable JTA platform integration)
Hibernate: alter table if exists authority drop constraint if exists FKn95hwxhdi8gexahllqvxwoq70
Hibernate: alter table if exists authority drop constraint if exists FKenr62299wivujkqkmhp37v96e
Hibernate: alter table if exists business_accounts drop constraint if exists FKhexfn1ogcio205w95i73gws3y
Hibernate: alter table if exists business_accounts drop constraint if exists FKkpp8ryi0sh69gignjt2tpeoy4
Hibernate: drop table if exists account cascade
Hibernate: drop table if exists authority cascade
Hibernate: drop table if exists business cascade
Hibernate: drop table if exists business_accounts cascade
Hibernate: drop table if exists role cascade
Hibernate: drop sequence if exists account_seq
Hibernate: drop sequence if exists business_seq
Hibernate: drop sequence if exists user_id_seq
Hibernate: create sequence account_seq start with 1 increment by 1
Hibernate: create sequence business_seq start with 1 increment by 1
Hibernate: create sequence user_id_seq start with 1 increment by 1
Hibernate: create table account (active boolean not null, age integer not null, enabled boolean not null, is_account boolean not null, birthday timestamp(6), id bigint not null, phone bigint, address varchar(255), city varchar(255), country varchar(255), email varchar(255), gender varchar(255), image varchar(255), name varchar(255) not null, password varchar(255), surname varchar(255) not null, username varchar(255), primary key (id))
Hibernate: create table authority (accountid bigint not null, roleid bigint not null)
Hibernate: create table business (enabled boolean not null, id bigint not null, business_url varchar(255), name varchar(255), subdomain_uri varchar(255), primary key (id))
Hibernate: create table business_accounts (accountid bigint not null, businessid bigint not null, primary key (accountid, businessid))
Hibernate: create table role (id bigint not null, name varchar(255), primary key (id))
Hibernate: alter table if exists authority add constraint FKn95hwxhdi8gexahllqvxwoq70 foreign key (roleid) references role
Hibernate: alter table if exists authority add constraint FKenr62299wivujkqkmhp37v96e foreign key (accountid) references account
Hibernate: alter table if exists business_accounts add constraint FKhexfn1ogcio205w95i73gws3y foreign key (accountid) references account
Hibernate: alter table if exists business_accounts add constraint FKkpp8ryi0sh69gignjt2tpeoy4 foreign key (businessid) references business
2024-07-08T23:43:31.585+02:00  INFO 77006 --- [accounts] [           main] j.LocalContainerEntityManagerFactoryBean : Initialized JPA EntityManagerFactory for persistence unit 'default'
2024-07-08T23:43:32.009+02:00  INFO 77006 --- [accounts] [           main] o.s.d.j.r.query.QueryEnhancerFactory     : Hibernate is in classpath; If applicable, HQL parser will be used.
2024-07-08T23:43:32.455+02:00  INFO 77006 --- [accounts] [           main] c.o.lib.accounts.BusinessServiceTest     : Started BusinessServiceTest in 4.407 seconds (process running for 5.637)
Hibernate: select nextval('account_seq')
Hibernate: select nextval('user_id_seq')
Hibernate: insert into account (active,address,age,birthday,city,country,email,enabled,gender,image,is_account,name,password,phone,surname,username,id) values (?,?,?,?,?,?,?,?,?,?,?,?,?,?,?,?,?)
Hibernate: insert into role (name,id) values (?,?)
Hibernate: insert into authority (accountid,roleid) values (?,?)
Hibernate: select b1_0.id,b1_0.business_url,b1_0.enabled,b1_0.name,b1_0.subdomain_uri from business b1_0 where b1_0.subdomain_uri=?
Hibernate: select nextval('business_seq')
Hibernate: insert into business (business_url,enabled,name,subdomain_uri,id) values (?,?,?,?,?)
Hibernate: insert into business_accounts (businessid,accountid) values (?,?)
]]></system-out>
  </testcase>
  <testcase name="business_whenDisabled_thenSuccess" classname="com.o2dent.lib.accounts.BusinessServiceTest" time="0.032">
    <system-out><![CDATA[Hibernate: select nextval('account_seq')
Hibernate: select nextval('user_id_seq')
Hibernate: insert into account (active,address,age,birthday,city,country,email,enabled,gender,image,is_account,name,password,phone,surname,username,id) values (?,?,?,?,?,?,?,?,?,?,?,?,?,?,?,?,?)
Hibernate: insert into role (name,id) values (?,?)
Hibernate: insert into authority (accountid,roleid) values (?,?)
Hibernate: select b1_0.id,b1_0.business_url,b1_0.enabled,b1_0.name,b1_0.subdomain_uri from business b1_0 where b1_0.subdomain_uri=?
Hibernate: select nextval('business_seq')
Hibernate: insert into business (business_url,enabled,name,subdomain_uri,id) values (?,?,?,?,?)
Hibernate: insert into business_accounts (businessid,accountid) values (?,?)
Hibernate: update business set business_url=?,enabled=?,name=?,subdomain_uri=? where id=?
Hibernate: delete from business_accounts where businessid=?
]]></system-out>
  </testcase>
  <testcase name="businessWithAccount_whenSave_thenThrowsBecauseNoAccountSaved" classname="com.o2dent.lib.accounts.BusinessServiceTest" time="0.023">
    <system-out><![CDATA[Hibernate: select b1_0.id,b1_0.business_url,b1_0.enabled,b1_0.name,b1_0.subdomain_uri from business b1_0 where b1_0.subdomain_uri=?
Hibernate: select nextval('business_seq')
Hibernate: insert into business (business_url,enabled,name,subdomain_uri,id) values (?,?,?,?,?)
]]></system-out>
  </testcase>
</testsuite>